<?xml version="1.0" encoding="UTF-8"?>
<!-- Generated by org.testng.reporters.JUnitReportReporter -->
<testsuite hostname="Colums-iMac.local" failures="0" tests="3" name="discoverireland.HomepageTests" time="22.011" errors="0" timestamp="20 Oct 2020 20:23:12 GMT" skipped="0">
  <testcase classname="discoverireland.HomepageTests" name="desktopTest" time="2.728"/>
  <testcase classname="discoverireland.HomepageTests" name="mobileTest" time="5.315"/>
  <testcase classname="discoverireland.HomepageTests" name="tabletTest" time="13.968"/>
</testsuite> <!-- discoverireland.HomepageTests -->
