<?xml version="1.0" encoding="UTF-8"?>
<testsuite name="sample.HomepageTests" tests="1" skipped="0" failures="1" errors="0" timestamp="2020-10-20T20:09:02" hostname="Colums-iMac.local" time="0.084">
  <properties/>
  <testcase name="desktopTest" classname="sample.HomepageTests" time="0.084">
    <failure message="java.lang.AssertionError: number of blog posts incorrect&#10;Expected: is &quot;blah&quot;&#10;     but: was &quot;Hostels Worldwide - Online Hostel Bookings, Ratings and Reviews&quot;" type="java.lang.AssertionError">java.lang.AssertionError: number of blog posts incorrect
Expected: is &quot;blah&quot;
     but: was &quot;Hostels Worldwide - Online Hostel Bookings, Ratings and Reviews&quot;
	at org.hamcrest.MatcherAssert.assertThat(MatcherAssert.java:20)
	at sample.HomepageTests.desktopTest(HomepageTests.java:29)
	at java.base/jdk.internal.reflect.NativeMethodAccessorImpl.invoke0(Native Method)
	at java.base/jdk.internal.reflect.NativeMethodAccessorImpl.invoke(NativeMethodAccessorImpl.java:62)
	at java.base/jdk.internal.reflect.DelegatingMethodAccessorImpl.invoke(DelegatingMethodAccessorImpl.java:43)
	at java.base/java.lang.reflect.Method.invoke(Method.java:564)
	at org.testng.internal.MethodInvocationHelper.invokeMethod(MethodInvocationHelper.java:124)
	at org.testng.internal.Invoker.invokeMethod(Invoker.java:583)
	at org.testng.internal.Invoker.invokeTestMethod(Invoker.java:719)
	at org.testng.internal.Invoker.invokeTestMethods(Invoker.java:989)
	at org.testng.internal.TestMethodWorker.invokeTestMethods(TestMethodWorker.java:125)
	at org.testng.internal.TestMethodWorker.run(TestMethodWorker.java:109)
	at java.base/java.util.concurrent.ThreadPoolExecutor.runWorker(ThreadPoolExecutor.java:1130)
	at java.base/java.util.concurrent.ThreadPoolExecutor$Worker.run(ThreadPoolExecutor.java:630)
	at java.base/java.lang.Thread.run(Thread.java:832)
</failure>
  </testcase>
  <system-out><![CDATA[]]></system-out>
  <system-err><![CDATA[[TestNG-test=Sample Tests Name-1] INFO io.github.bonigarcia.wdm.WebDriverManager - Using geckodriver 0.27.0 (since Mozilla Firefox 80 is installed in your machine)
[TestNG-test=Sample Tests Name-1] INFO io.github.bonigarcia.wdm.WebDriverManager - Reading https://api.github.com/repos/mozilla/geckodriver/releases to seek geckodriver
[TestNG-test=Sample Tests Name-1] INFO io.github.bonigarcia.wdm.Downloader - Downloading https://github.com/mozilla/geckodriver/releases/download/v0.27.0/geckodriver-v0.27.0-macos.tar.gz
[TestNG-test=Sample Tests Name-1] INFO io.github.bonigarcia.wdm.Downloader - Extracting binary from compressed file geckodriver-v0.27.0-macos.tar.gz
[TestNG-test=Sample Tests Name-1] INFO io.github.bonigarcia.wdm.WebDriverManager - Exporting webdriver.gecko.driver as /Users/columwilde/.m2/repository/webdriver/geckodriver/macos/0.27.0/geckodriver
Oct 20, 2020 9:08:53 P.M. org.openqa.selenium.remote.ProtocolHandshake createSession
INFO: Detected dialect: W3C
]]></system-err>
</testsuite>
